<?xml version="1.0" encoding="UTF-8"?>
<!-- Generated by org.testng.reporters.JUnitReportReporter -->
<testsuite hostname="Himanshu-PC" failures="0" tests="1" name="reqres.api.PUT_Request" time="2.662" errors="0" timestamp="2024-02-04T09:03:43 IST" skipped="0">
  <testcase classname="reqres.api.PUT_Request" name="createUser" time="2.662"/>
</testsuite> <!-- reqres.api.PUT_Request -->
