<?xml version="1.0" encoding="UTF-8"?>
<!-- Generated by org.testng.reporters.JUnitReportReporter -->
<testsuite hostname="Himanshu-PC" failures="0" tests="1" name="reqres.api.DELETE_Request" time="2.695" errors="0" timestamp="2024-02-04T09:11:53 IST" skipped="0">
  <testcase classname="reqres.api.DELETE_Request" name="createUser" time="2.695"/>
</testsuite> <!-- reqres.api.DELETE_Request -->
