<?xml version="1.0" encoding="UTF-8"?>
<!-- Generated by org.testng.reporters.JUnitReportReporter -->
<testsuite hostname="Himanshu-PC" failures="0" tests="1" name="reqres.api.PATCH_Request" time="3.165" errors="0" timestamp="2024-01-31T22:25:56 IST" skipped="0">
  <testcase classname="reqres.api.PATCH_Request" name="createUser" time="3.165"/>
</testsuite> <!-- reqres.api.PATCH_Request -->
