<?xml version="1.0" encoding="UTF-8"?>
<!-- Generated by org.testng.reporters.JUnitReportReporter -->
<testsuite hostname="Himanshu-PC" failures="0" tests="2" name="ReqRes_APIs.GET_Request" time="2.946" errors="0" timestamp="2024-01-31T20:04:33 IST" skipped="0">
  <testcase classname="ReqRes_APIs.GET_Request" name="singleUser" time="0.345"/>
  <testcase classname="ReqRes_APIs.GET_Request" name="listOfUsers" time="2.601"/>
</testsuite> <!-- ReqRes_APIs.GET_Request -->
