<?xml version="1.0" encoding="UTF-8"?>
<!-- Generated by org.testng.reporters.JUnitReportReporter -->
<testsuite hostname="Himanshu-PC" failures="0" tests="1" name="reqres.api.GET_Request" time="6.489" errors="0" timestamp="2024-02-02T16:58:29 IST" skipped="0">
  <testcase classname="reqres.api.GET_Request" name="digestAuthentication" time="6.489"/>
</testsuite> <!-- reqres.api.GET_Request -->
