<?xml version="1.0" encoding="UTF-8"?>
<!-- Generated by org.testng.reporters.JUnitReportReporter -->
<testsuite hostname="Himanshu-PC" failures="0" tests="1" name="reqres.api.GET_Request" time="2.527" errors="0" timestamp="2024-02-01T08:26:18 IST" skipped="0">
  <testcase classname="reqres.api.GET_Request" name="getSingleUser_BDDStyle" time="2.527"/>
</testsuite> <!-- reqres.api.GET_Request -->
