<?xml version="1.0" encoding="UTF-8"?>
<!-- Generated by org.testng.reporters.JUnitReportReporter -->
<testsuite hostname="Himanshu-PC" failures="0" tests="1" name="HTTPRequests.PATCH_Request" time="4.339" errors="0" timestamp="2024-02-04T11:17:17 IST" skipped="0">
  <testcase classname="HTTPRequests.PATCH_Request" name="update_a_user" time="4.339"/>
</testsuite> <!-- HTTPRequests.PATCH_Request -->
