<?xml version="1.0" encoding="UTF-8"?>
<!-- Generated by org.testng.reporters.JUnitReportReporter -->
<testsuite hostname="Himanshu-PC" failures="0" tests="1" name="HTTPRequests.GET_Request" time="3.967" errors="0" timestamp="2024-02-04T11:15:56 IST" skipped="0">
  <testcase classname="HTTPRequests.GET_Request" name="get_a_single_user" time="3.967"/>
</testsuite> <!-- HTTPRequests.GET_Request -->
