<?xml version="1.0" encoding="UTF-8"?>
<!-- Generated by org.testng.reporters.JUnitReportReporter -->
<testsuite hostname="Himanshu-PC" failures="0" tests="1" name="HTTPRequests.POST_Request" time="8.972" errors="0" timestamp="2024-02-04T11:07:48 IST" skipped="0">
  <testcase classname="HTTPRequests.POST_Request" name="create_a_user" time="8.972"/>
</testsuite> <!-- HTTPRequests.POST_Request -->
