<?xml version="1.0" encoding="UTF-8"?>
<!-- Generated by org.testng.reporters.JUnitReportReporter -->
<testsuite hostname="Himanshu-PC" failures="0" tests="5" name="reqres.api.GET_Request" time="33.686" errors="0" timestamp="2024-02-02T21:36:36 IST" skipped="0">
  <testcase classname="reqres.api.GET_Request" name="getSingleUser" time="3.561"/>
  <testcase classname="reqres.api.GET_Request" name="getListOfUser" time="0.530"/>
  <testcase classname="reqres.api.GET_Request" name="basicAuthentication" time="13.930"/>
  <testcase classname="reqres.api.GET_Request" name="digestAuthentication" time="14.376"/>
  <testcase classname="reqres.api.GET_Request" name="bearerTokenAuthentication" time="1.289"/>
</testsuite> <!-- reqres.api.GET_Request -->
