<?xml version="1.0" encoding="UTF-8"?>
<!-- Generated by org.testng.reporters.JUnitReportReporter -->
<testsuite hostname="Himanshu-PC" failures="0" tests="1" name="reqres.api.POST_Request" time="3.126" errors="0" timestamp="2024-01-31T22:21:08 IST" skipped="0">
  <testcase classname="reqres.api.POST_Request" name="createUser" time="3.126"/>
</testsuite> <!-- reqres.api.POST_Request -->
