<?xml version="1.0" encoding="UTF-8"?>
<!-- Generated by org.testng.reporters.JUnitReportReporter -->
<testsuite hostname="Himanshu-PC" failures="0" tests="1" name="HTTPRequests.PUT_Request" time="4.203" errors="0" timestamp="2024-02-04T11:16:07 IST" skipped="0">
  <testcase classname="HTTPRequests.PUT_Request" name="update_a_user" time="4.203"/>
</testsuite> <!-- HTTPRequests.PUT_Request -->
